Processing /oak/stanford/groups/engreitz/Projects/ABC/HiC/K562_intact_Hi-C
HiC Matrix /oak/stanford/groups/engreitz/Projects/ABC/HiC/K562_intact_Hi-C/chr1/chr1.INTERSCALEobserved.gz has row sums of 2999.1900267959477
HiC Matrix /oak/stanford/groups/engreitz/Projects/ABC/HiC/K562_intact_Hi-C/chr2/chr2.INTERSCALEobserved.gz has row sums of 2663.4847374354435
HiC Matrix /oak/stanford/groups/engreitz/Projects/ABC/HiC/K562_intact_Hi-C/chr3/chr3.INTERSCALEobserved.gz has row sums of 2420.362811891611
HiC Matrix /oak/stanford/groups/engreitz/Projects/ABC/HiC/K562_intact_Hi-C/chr4/chr4.INTERSCALEobserved.gz has row sums of 2579.801116191169
HiC Matrix /oak/stanford/groups/engreitz/Projects/ABC/HiC/K562_intact_Hi-C/chr5/chr5.INTERSCALEobserved.gz has row sums of 2536.5553661705862
HiC Matrix /oak/stanford/groups/engreitz/Projects/ABC/HiC/K562_intact_Hi-C/chr6/chr6.INTERSCALEobserved.gz has row sums of 3147.7711581040558
HiC Matrix /oak/stanford/groups/engreitz/Projects/ABC/HiC/K562_intact_Hi-C/chr7/chr7.INTERSCALEobserved.gz has row sums of 3122.07493871198
HiC Matrix /oak/stanford/groups/engreitz/Projects/ABC/HiC/K562_intact_Hi-C/chr8/chr8.INTERSCALEobserved.gz has row sums of 2496.3937088283146
HiC Matrix /oak/stanford/groups/engreitz/Projects/ABC/HiC/K562_intact_Hi-C/chr9/chr9.INTERSCALEobserved.gz has row sums of 1577.7430844188038
HiC Matrix /oak/stanford/groups/engreitz/Projects/ABC/HiC/K562_intact_Hi-C/chr10/chr10.INTERSCALEobserved.gz has row sums of 1944.631205135711
HiC Matrix /oak/stanford/groups/engreitz/Projects/ABC/HiC/K562_intact_Hi-C/chr11/chr11.INTERSCALEobserved.gz has row sums of 2334.838028721248
HiC Matrix /oak/stanford/groups/engreitz/Projects/ABC/HiC/K562_intact_Hi-C/chr12/chr12.INTERSCALEobserved.gz has row sums of 2030.1521669873468
HiC Matrix /oak/stanford/groups/engreitz/Projects/ABC/HiC/K562_intact_Hi-C/chr13/chr13.INTERSCALEobserved.gz has row sums of 1804.3716555847975
HiC Matrix /oak/stanford/groups/engreitz/Projects/ABC/HiC/K562_intact_Hi-C/chr14/chr14.INTERSCALEobserved.gz has row sums of 1543.4149293681542
HiC Matrix /oak/stanford/groups/engreitz/Projects/ABC/HiC/K562_intact_Hi-C/chr15/chr15.INTERSCALEobserved.gz has row sums of 1886.8356361975334
HiC Matrix /oak/stanford/groups/engreitz/Projects/ABC/HiC/K562_intact_Hi-C/chr16/chr16.INTERSCALEobserved.gz has row sums of 1499.4186187813152
HiC Matrix /oak/stanford/groups/engreitz/Projects/ABC/HiC/K562_intact_Hi-C/chr17/chr17.INTERSCALEobserved.gz has row sums of 1317.9484866939702
HiC Matrix /oak/stanford/groups/engreitz/Projects/ABC/HiC/K562_intact_Hi-C/chr18/chr18.INTERSCALEobserved.gz has row sums of 1751.7579125923971
HiC Matrix /oak/stanford/groups/engreitz/Projects/ABC/HiC/K562_intact_Hi-C/chr19/chr19.INTERSCALEobserved.gz has row sums of 1181.5805462314909
HiC Matrix /oak/stanford/groups/engreitz/Projects/ABC/HiC/K562_intact_Hi-C/chr20/chr20.INTERSCALEobserved.gz has row sums of 1424.6043667090532
HiC Matrix /oak/stanford/groups/engreitz/Projects/ABC/HiC/K562_intact_Hi-C/chr21/chr21.INTERSCALEobserved.gz has row sums of 1836.8008848055415
HiC Matrix /oak/stanford/groups/engreitz/Projects/ABC/HiC/K562_intact_Hi-C/chr22/chr22.INTERSCALEobserved.gz has row sums of 1495.505668298725
HiC Matrix /oak/stanford/groups/engreitz/Projects/ABC/HiC/K562_intact_Hi-C/chrX/chrX.INTERSCALEobserved.gz has row sums of 1560.1644010176456
Processing /oak/stanford/groups/engreitz/Projects/ABC/HiC/Monocytes_intact_Hi-C
HiC Matrix /oak/stanford/groups/engreitz/Projects/ABC/HiC/Monocytes_intact_Hi-C/chr1/chr1.INTERSCALEobserved.gz has row sums of 1666.6584293030628
HiC Matrix /oak/stanford/groups/engreitz/Projects/ABC/HiC/Monocytes_intact_Hi-C/chr2/chr2.INTERSCALEobserved.gz has row sums of 1677.259554793363
HiC Matrix /oak/stanford/groups/engreitz/Projects/ABC/HiC/Monocytes_intact_Hi-C/chr3/chr3.INTERSCALEobserved.gz has row sums of 1612.3113027925656
HiC Matrix /oak/stanford/groups/engreitz/Projects/ABC/HiC/Monocytes_intact_Hi-C/chr4/chr4.INTERSCALEobserved.gz has row sums of 1369.8853871138442
HiC Matrix /oak/stanford/groups/engreitz/Projects/ABC/HiC/Monocytes_intact_Hi-C/chr5/chr5.INTERSCALEobserved.gz has row sums of 1537.0334988350266
HiC Matrix /oak/stanford/groups/engreitz/Projects/ABC/HiC/Monocytes_intact_Hi-C/chr6/chr6.INTERSCALEobserved.gz has row sums of 1577.30979210786
HiC Matrix /oak/stanford/groups/engreitz/Projects/ABC/HiC/Monocytes_intact_Hi-C/chr7/chr7.INTERSCALEobserved.gz has row sums of 1503.2325393093936
HiC Matrix /oak/stanford/groups/engreitz/Projects/ABC/HiC/Monocytes_intact_Hi-C/chr8/chr8.INTERSCALEobserved.gz has row sums of 1580.7596726605536
HiC Matrix /oak/stanford/groups/engreitz/Projects/ABC/HiC/Monocytes_intact_Hi-C/chr9/chr9.INTERSCALEobserved.gz has row sums of 1427.1002215898454
HiC Matrix /oak/stanford/groups/engreitz/Projects/ABC/HiC/Monocytes_intact_Hi-C/chr10/chr10.INTERSCALEobserved.gz has row sums of 1662.2230116322635
HiC Matrix /oak/stanford/groups/engreitz/Projects/ABC/HiC/Monocytes_intact_Hi-C/chr11/chr11.INTERSCALEobserved.gz has row sums of 1565.4540820618975
HiC Matrix /oak/stanford/groups/engreitz/Projects/ABC/HiC/Monocytes_intact_Hi-C/chr12/chr12.INTERSCALEobserved.gz has row sums of 1538.7492639567258
HiC Matrix /oak/stanford/groups/engreitz/Projects/ABC/HiC/Monocytes_intact_Hi-C/chr13/chr13.INTERSCALEobserved.gz has row sums of 1339.5326100076093
HiC Matrix /oak/stanford/groups/engreitz/Projects/ABC/HiC/Monocytes_intact_Hi-C/chr14/chr14.INTERSCALEobserved.gz has row sums of 1497.4399999275663
HiC Matrix /oak/stanford/groups/engreitz/Projects/ABC/HiC/Monocytes_intact_Hi-C/chr15/chr15.INTERSCALEobserved.gz has row sums of 1507.8667910996646
HiC Matrix /oak/stanford/groups/engreitz/Projects/ABC/HiC/Monocytes_intact_Hi-C/chr16/chr16.INTERSCALEobserved.gz has row sums of 1508.3906049257691
HiC Matrix /oak/stanford/groups/engreitz/Projects/ABC/HiC/Monocytes_intact_Hi-C/chr17/chr17.INTERSCALEobserved.gz has row sums of 1505.684701227866
HiC Matrix /oak/stanford/groups/engreitz/Projects/ABC/HiC/Monocytes_intact_Hi-C/chr18/chr18.INTERSCALEobserved.gz has row sums of 1415.6885759477193
HiC Matrix /oak/stanford/groups/engreitz/Projects/ABC/HiC/Monocytes_intact_Hi-C/chr19/chr19.INTERSCALEobserved.gz has row sums of 1674.779609998078
HiC Matrix /oak/stanford/groups/engreitz/Projects/ABC/HiC/Monocytes_intact_Hi-C/chr20/chr20.INTERSCALEobserved.gz has row sums of 1615.62313969194
HiC Matrix /oak/stanford/groups/engreitz/Projects/ABC/HiC/Monocytes_intact_Hi-C/chr21/chr21.INTERSCALEobserved.gz has row sums of 1208.2991881418598
HiC Matrix /oak/stanford/groups/engreitz/Projects/ABC/HiC/Monocytes_intact_Hi-C/chr22/chr22.INTERSCALEobserved.gz has row sums of 1499.0298839244726
HiC Matrix /oak/stanford/groups/engreitz/Projects/ABC/HiC/Monocytes_intact_Hi-C/chrX/chrX.INTERSCALEobserved.gz has row sums of 735.0520226906498
Processing /oak/stanford/groups/engreitz/Projects/ABC/HiC/W76_mucosa_of_descending_colon
HiC Matrix /oak/stanford/groups/engreitz/Projects/ABC/HiC/W76_mucosa_of_descending_colon/chr1/chr1.INTERSCALEobserved.gz has row sums of 1683.1493689177687
HiC Matrix /oak/stanford/groups/engreitz/Projects/ABC/HiC/W76_mucosa_of_descending_colon/chr2/chr2.INTERSCALEobserved.gz has row sums of 1907.7337306041134
HiC Matrix /oak/stanford/groups/engreitz/Projects/ABC/HiC/W76_mucosa_of_descending_colon/chr3/chr3.INTERSCALEobserved.gz has row sums of 1874.9342731004815
HiC Matrix /oak/stanford/groups/engreitz/Projects/ABC/HiC/W76_mucosa_of_descending_colon/chr4/chr4.INTERSCALEobserved.gz has row sums of 1781.4613734185868
HiC Matrix /oak/stanford/groups/engreitz/Projects/ABC/HiC/W76_mucosa_of_descending_colon/chr5/chr5.INTERSCALEobserved.gz has row sums of 1806.7556463353867
HiC Matrix /oak/stanford/groups/engreitz/Projects/ABC/HiC/W76_mucosa_of_descending_colon/chr6/chr6.INTERSCALEobserved.gz has row sums of 1794.724310286059
HiC Matrix /oak/stanford/groups/engreitz/Projects/ABC/HiC/W76_mucosa_of_descending_colon/chr7/chr7.INTERSCALEobserved.gz has row sums of 1604.5980824895514
HiC Matrix /oak/stanford/groups/engreitz/Projects/ABC/HiC/W76_mucosa_of_descending_colon/chr8/chr8.INTERSCALEobserved.gz has row sums of 1732.67504930793
HiC Matrix /oak/stanford/groups/engreitz/Projects/ABC/HiC/W76_mucosa_of_descending_colon/chr9/chr9.INTERSCALEobserved.gz has row sums of 1350.3958291050305
HiC Matrix /oak/stanford/groups/engreitz/Projects/ABC/HiC/W76_mucosa_of_descending_colon/chr10/chr10.INTERSCALEobserved.gz has row sums of 1582.6598584629824
HiC Matrix /oak/stanford/groups/engreitz/Projects/ABC/HiC/W76_mucosa_of_descending_colon/chr11/chr11.INTERSCALEobserved.gz has row sums of 1591.683661894473
HiC Matrix /oak/stanford/groups/engreitz/Projects/ABC/HiC/W76_mucosa_of_descending_colon/chr12/chr12.INTERSCALEobserved.gz has row sums of 1618.2078293503005
HiC Matrix /oak/stanford/groups/engreitz/Projects/ABC/HiC/W76_mucosa_of_descending_colon/chr13/chr13.INTERSCALEobserved.gz has row sums of 1505.1824605019976
HiC Matrix /oak/stanford/groups/engreitz/Projects/ABC/HiC/W76_mucosa_of_descending_colon/chr14/chr14.INTERSCALEobserved.gz has row sums of 1466.7440452131843
HiC Matrix /oak/stanford/groups/engreitz/Projects/ABC/HiC/W76_mucosa_of_descending_colon/chr15/chr15.INTERSCALEobserved.gz has row sums of 1270.2280732896986
HiC Matrix /oak/stanford/groups/engreitz/Projects/ABC/HiC/W76_mucosa_of_descending_colon/chr16/chr16.INTERSCALEobserved.gz has row sums of 1142.9918289459927
HiC Matrix /oak/stanford/groups/engreitz/Projects/ABC/HiC/W76_mucosa_of_descending_colon/chr17/chr17.INTERSCALEobserved.gz has row sums of 1100.5897957722243
HiC Matrix /oak/stanford/groups/engreitz/Projects/ABC/HiC/W76_mucosa_of_descending_colon/chr18/chr18.INTERSCALEobserved.gz has row sums of 1443.6321560208473
HiC Matrix /oak/stanford/groups/engreitz/Projects/ABC/HiC/W76_mucosa_of_descending_colon/chr19/chr19.INTERSCALEobserved.gz has row sums of 1128.1268581666166
HiC Matrix /oak/stanford/groups/engreitz/Projects/ABC/HiC/W76_mucosa_of_descending_colon/chr20/chr20.INTERSCALEobserved.gz has row sums of 1206.7542591907015
HiC Matrix /oak/stanford/groups/engreitz/Projects/ABC/HiC/W76_mucosa_of_descending_colon/chr21/chr21.INTERSCALEobserved.gz has row sums of 1006.7604698804465
HiC Matrix /oak/stanford/groups/engreitz/Projects/ABC/HiC/W76_mucosa_of_descending_colon/chr22/chr22.INTERSCALEobserved.gz has row sums of 933.515028279621
HiC Matrix /oak/stanford/groups/engreitz/Projects/ABC/HiC/W76_mucosa_of_descending_colon/chrX/chrX.INTERSCALEobserved.gz has row sums of 825.6776734098862
Processing /oak/stanford/groups/engreitz/Projects/ABC/HiC/uw040-heart-left-ventricle-intact
HiC Matrix /oak/stanford/groups/engreitz/Projects/ABC/HiC/uw040-heart-left-ventricle-intact/chr1/chr1.INTERSCALEobserved.gz has row sums of 1716.4410266071989
HiC Matrix /oak/stanford/groups/engreitz/Projects/ABC/HiC/uw040-heart-left-ventricle-intact/chr2/chr2.INTERSCALEobserved.gz has row sums of 1783.007740363521
HiC Matrix /oak/stanford/groups/engreitz/Projects/ABC/HiC/uw040-heart-left-ventricle-intact/chr3/chr3.INTERSCALEobserved.gz has row sums of 1745.715664177481
HiC Matrix /oak/stanford/groups/engreitz/Projects/ABC/HiC/uw040-heart-left-ventricle-intact/chr4/chr4.INTERSCALEobserved.gz has row sums of 1627.1706193724233
HiC Matrix /oak/stanford/groups/engreitz/Projects/ABC/HiC/uw040-heart-left-ventricle-intact/chr5/chr5.INTERSCALEobserved.gz has row sums of 1689.1564817578849
HiC Matrix /oak/stanford/groups/engreitz/Projects/ABC/HiC/uw040-heart-left-ventricle-intact/chr6/chr6.INTERSCALEobserved.gz has row sums of 1663.8514033115762
HiC Matrix /oak/stanford/groups/engreitz/Projects/ABC/HiC/uw040-heart-left-ventricle-intact/chr7/chr7.INTERSCALEobserved.gz has row sums of 1601.209104460221
HiC Matrix /oak/stanford/groups/engreitz/Projects/ABC/HiC/uw040-heart-left-ventricle-intact/chr8/chr8.INTERSCALEobserved.gz has row sums of 1701.7958812298841
HiC Matrix /oak/stanford/groups/engreitz/Projects/ABC/HiC/uw040-heart-left-ventricle-intact/chr9/chr9.INTERSCALEobserved.gz has row sums of 1485.0749634047393
HiC Matrix /oak/stanford/groups/engreitz/Projects/ABC/HiC/uw040-heart-left-ventricle-intact/chr10/chr10.INTERSCALEobserved.gz has row sums of 1700.4051413080695
HiC Matrix /oak/stanford/groups/engreitz/Projects/ABC/HiC/uw040-heart-left-ventricle-intact/chr11/chr11.INTERSCALEobserved.gz has row sums of 1676.1789809138556
HiC Matrix /oak/stanford/groups/engreitz/Projects/ABC/HiC/uw040-heart-left-ventricle-intact/chr12/chr12.INTERSCALEobserved.gz has row sums of 1632.3603015697133
HiC Matrix /oak/stanford/groups/engreitz/Projects/ABC/HiC/uw040-heart-left-ventricle-intact/chr13/chr13.INTERSCALEobserved.gz has row sums of 1439.3837619834794
HiC Matrix /oak/stanford/groups/engreitz/Projects/ABC/HiC/uw040-heart-left-ventricle-intact/chr14/chr14.INTERSCALEobserved.gz has row sums of 1557.5208679512511
HiC Matrix /oak/stanford/groups/engreitz/Projects/ABC/HiC/uw040-heart-left-ventricle-intact/chr15/chr15.INTERSCALEobserved.gz has row sums of 1526.152478762275
HiC Matrix /oak/stanford/groups/engreitz/Projects/ABC/HiC/uw040-heart-left-ventricle-intact/chr16/chr16.INTERSCALEobserved.gz has row sums of 1454.2927285304058
HiC Matrix /oak/stanford/groups/engreitz/Projects/ABC/HiC/uw040-heart-left-ventricle-intact/chr17/chr17.INTERSCALEobserved.gz has row sums of 1522.1559251134092
HiC Matrix /oak/stanford/groups/engreitz/Projects/ABC/HiC/uw040-heart-left-ventricle-intact/chr18/chr18.INTERSCALEobserved.gz has row sums of 1536.5111796854105
HiC Matrix /oak/stanford/groups/engreitz/Projects/ABC/HiC/uw040-heart-left-ventricle-intact/chr19/chr19.INTERSCALEobserved.gz has row sums of 1525.9774618599465
HiC Matrix /oak/stanford/groups/engreitz/Projects/ABC/HiC/uw040-heart-left-ventricle-intact/chr20/chr20.INTERSCALEobserved.gz has row sums of 1566.1858262053763
HiC Matrix /oak/stanford/groups/engreitz/Projects/ABC/HiC/uw040-heart-left-ventricle-intact/chr21/chr21.INTERSCALEobserved.gz has row sums of 1224.1376401525108
HiC Matrix /oak/stanford/groups/engreitz/Projects/ABC/HiC/uw040-heart-left-ventricle-intact/chr22/chr22.INTERSCALEobserved.gz has row sums of 1452.7388083732067
HiC Matrix /oak/stanford/groups/engreitz/Projects/ABC/HiC/uw040-heart-left-ventricle-intact/chrX/chrX.INTERSCALEobserved.gz has row sums of 815.4784877427098
Processing /oak/stanford/groups/engreitz/Projects/ABC/HiC/w62-left-lung
HiC Matrix /oak/stanford/groups/engreitz/Projects/ABC/HiC/w62-left-lung/chr1/chr1.INTERSCALEobserved.gz has row sums of 1998.5065499867724
HiC Matrix /oak/stanford/groups/engreitz/Projects/ABC/HiC/w62-left-lung/chr2/chr2.INTERSCALEobserved.gz has row sums of 2209.3518366898925
HiC Matrix /oak/stanford/groups/engreitz/Projects/ABC/HiC/w62-left-lung/chr3/chr3.INTERSCALEobserved.gz has row sums of 2145.2689366288027
HiC Matrix /oak/stanford/groups/engreitz/Projects/ABC/HiC/w62-left-lung/chr4/chr4.INTERSCALEobserved.gz has row sums of 1999.0795076499005
HiC Matrix /oak/stanford/groups/engreitz/Projects/ABC/HiC/w62-left-lung/chr5/chr5.INTERSCALEobserved.gz has row sums of 2060.060478081125
HiC Matrix /oak/stanford/groups/engreitz/Projects/ABC/HiC/w62-left-lung/chr6/chr6.INTERSCALEobserved.gz has row sums of 2028.3341904687438
HiC Matrix /oak/stanford/groups/engreitz/Projects/ABC/HiC/w62-left-lung/chr7/chr7.INTERSCALEobserved.gz has row sums of 1897.7268707371395
HiC Matrix /oak/stanford/groups/engreitz/Projects/ABC/HiC/w62-left-lung/chr8/chr8.INTERSCALEobserved.gz has row sums of 2016.7853392989225
HiC Matrix /oak/stanford/groups/engreitz/Projects/ABC/HiC/w62-left-lung/chr9/chr9.INTERSCALEobserved.gz has row sums of 1630.2480954475577
HiC Matrix /oak/stanford/groups/engreitz/Projects/ABC/HiC/w62-left-lung/chr10/chr10.INTERSCALEobserved.gz has row sums of 1925.712254729616
HiC Matrix /oak/stanford/groups/engreitz/Projects/ABC/HiC/w62-left-lung/chr11/chr11.INTERSCALEobserved.gz has row sums of 1902.7283613865097
HiC Matrix /oak/stanford/groups/engreitz/Projects/ABC/HiC/w62-left-lung/chr12/chr12.INTERSCALEobserved.gz has row sums of 1885.7051100279707
HiC Matrix /oak/stanford/groups/engreitz/Projects/ABC/HiC/w62-left-lung/chr13/chr13.INTERSCALEobserved.gz has row sums of 1732.2957965573314
HiC Matrix /oak/stanford/groups/engreitz/Projects/ABC/HiC/w62-left-lung/chr14/chr14.INTERSCALEobserved.gz has row sums of 1764.3952325479108
HiC Matrix /oak/stanford/groups/engreitz/Projects/ABC/HiC/w62-left-lung/chr15/chr15.INTERSCALEobserved.gz has row sums of 1531.4230451030305
HiC Matrix /oak/stanford/groups/engreitz/Projects/ABC/HiC/w62-left-lung/chr16/chr16.INTERSCALEobserved.gz has row sums of 1543.5439082271616
HiC Matrix /oak/stanford/groups/engreitz/Projects/ABC/HiC/w62-left-lung/chr17/chr17.INTERSCALEobserved.gz has row sums of 1447.7092346785773
HiC Matrix /oak/stanford/groups/engreitz/Projects/ABC/HiC/w62-left-lung/chr18/chr18.INTERSCALEobserved.gz has row sums of 1686.1582870711695
HiC Matrix /oak/stanford/groups/engreitz/Projects/ABC/HiC/w62-left-lung/chr19/chr19.INTERSCALEobserved.gz has row sums of 1567.8520464052444
HiC Matrix /oak/stanford/groups/engreitz/Projects/ABC/HiC/w62-left-lung/chr20/chr20.INTERSCALEobserved.gz has row sums of 1537.4967858596551
HiC Matrix /oak/stanford/groups/engreitz/Projects/ABC/HiC/w62-left-lung/chr21/chr21.INTERSCALEobserved.gz has row sums of 1242.2556977665577
HiC Matrix /oak/stanford/groups/engreitz/Projects/ABC/HiC/w62-left-lung/chr22/chr22.INTERSCALEobserved.gz has row sums of 1328.3068120700127
HiC Matrix /oak/stanford/groups/engreitz/Projects/ABC/HiC/w62-left-lung/chrX/chrX.INTERSCALEobserved.gz has row sums of 1969.5133218608498
Processing /oak/stanford/groups/engreitz/Projects/ABC/HiC/W80_psoas_muscle_intact_dnase_hic
HiC Matrix /oak/stanford/groups/engreitz/Projects/ABC/HiC/W80_psoas_muscle_intact_dnase_hic/chr1/chr1.INTERSCALEobserved.gz has row sums of 3126.4108473509095
HiC Matrix /oak/stanford/groups/engreitz/Projects/ABC/HiC/W80_psoas_muscle_intact_dnase_hic/chr2/chr2.INTERSCALEobserved.gz has row sums of 3317.5007320382842
HiC Matrix /oak/stanford/groups/engreitz/Projects/ABC/HiC/W80_psoas_muscle_intact_dnase_hic/chr3/chr3.INTERSCALEobserved.gz has row sums of 3295.612621628131
HiC Matrix /oak/stanford/groups/engreitz/Projects/ABC/HiC/W80_psoas_muscle_intact_dnase_hic/chr4/chr4.INTERSCALEobserved.gz has row sums of 2987.303651878214
HiC Matrix /oak/stanford/groups/engreitz/Projects/ABC/HiC/W80_psoas_muscle_intact_dnase_hic/chr5/chr5.INTERSCALEobserved.gz has row sums of 3121.8443220060367
HiC Matrix /oak/stanford/groups/engreitz/Projects/ABC/HiC/W80_psoas_muscle_intact_dnase_hic/chr6/chr6.INTERSCALEobserved.gz has row sums of 3176.2275697257005
HiC Matrix /oak/stanford/groups/engreitz/Projects/ABC/HiC/W80_psoas_muscle_intact_dnase_hic/chr7/chr7.INTERSCALEobserved.gz has row sums of 2926.755125383234
HiC Matrix /oak/stanford/groups/engreitz/Projects/ABC/HiC/W80_psoas_muscle_intact_dnase_hic/chr8/chr8.INTERSCALEobserved.gz has row sums of 3065.3160321335704
HiC Matrix /oak/stanford/groups/engreitz/Projects/ABC/HiC/W80_psoas_muscle_intact_dnase_hic/chr9/chr9.INTERSCALEobserved.gz has row sums of 2611.2377943583992
HiC Matrix /oak/stanford/groups/engreitz/Projects/ABC/HiC/W80_psoas_muscle_intact_dnase_hic/chr10/chr10.INTERSCALEobserved.gz has row sums of 3051.5717792751007
HiC Matrix /oak/stanford/groups/engreitz/Projects/ABC/HiC/W80_psoas_muscle_intact_dnase_hic/chr11/chr11.INTERSCALEobserved.gz has row sums of 3063.048697394862
HiC Matrix /oak/stanford/groups/engreitz/Projects/ABC/HiC/W80_psoas_muscle_intact_dnase_hic/chr12/chr12.INTERSCALEobserved.gz has row sums of 3036.170766004943
HiC Matrix /oak/stanford/groups/engreitz/Projects/ABC/HiC/W80_psoas_muscle_intact_dnase_hic/chr13/chr13.INTERSCALEobserved.gz has row sums of 2642.0128735958097
HiC Matrix /oak/stanford/groups/engreitz/Projects/ABC/HiC/W80_psoas_muscle_intact_dnase_hic/chr14/chr14.INTERSCALEobserved.gz has row sums of 2858.7363919947124
HiC Matrix /oak/stanford/groups/engreitz/Projects/ABC/HiC/W80_psoas_muscle_intact_dnase_hic/chr15/chr15.INTERSCALEobserved.gz has row sums of 2649.5440814943768
HiC Matrix /oak/stanford/groups/engreitz/Projects/ABC/HiC/W80_psoas_muscle_intact_dnase_hic/chr16/chr16.INTERSCALEobserved.gz has row sums of 2437.3042544336113
HiC Matrix /oak/stanford/groups/engreitz/Projects/ABC/HiC/W80_psoas_muscle_intact_dnase_hic/chr17/chr17.INTERSCALEobserved.gz has row sums of 2567.3374739778983
HiC Matrix /oak/stanford/groups/engreitz/Projects/ABC/HiC/W80_psoas_muscle_intact_dnase_hic/chr18/chr18.INTERSCALEobserved.gz has row sums of 2669.841029882017
HiC Matrix /oak/stanford/groups/engreitz/Projects/ABC/HiC/W80_psoas_muscle_intact_dnase_hic/chr19/chr19.INTERSCALEobserved.gz has row sums of 2816.117512807034
HiC Matrix /oak/stanford/groups/engreitz/Projects/ABC/HiC/W80_psoas_muscle_intact_dnase_hic/chr20/chr20.INTERSCALEobserved.gz has row sums of 2657.136525480059
HiC Matrix /oak/stanford/groups/engreitz/Projects/ABC/HiC/W80_psoas_muscle_intact_dnase_hic/chr21/chr21.INTERSCALEobserved.gz has row sums of 2024.3500791802032
HiC Matrix /oak/stanford/groups/engreitz/Projects/ABC/HiC/W80_psoas_muscle_intact_dnase_hic/chr22/chr22.INTERSCALEobserved.gz has row sums of 2332.41133699813
HiC Matrix /oak/stanford/groups/engreitz/Projects/ABC/HiC/W80_psoas_muscle_intact_dnase_hic/chrX/chrX.INTERSCALEobserved.gz has row sums of 2737.3245830530536
